#
# A fatal error has been detected by the Java Runtime Environment:
#
#  EXCEPTION_ACCESS_VIOLATION (0xc0000005) at pc=0x0000000002883e4d, pid=5080, tid=0x0000000000001018
#
# JRE version: Java(TM) SE Runtime Environment (8.0_112-b15) (build 1.8.0_112-b15)
# Java VM: Java HotSpot(TM) 64-Bit Server VM (25.112-b15 mixed mode windows-amd64 compressed oops)
# Problematic frame:
# j  java.util.stream.SpinedBuffer.asArray(Ljava/util/function/IntFunction;)[Ljava/lang/Object;+1
#
# Failed to write core dump. Minidumps are not enabled by default on client versions of Windows
#
# If you would like to submit a bug report, please visit:
#   http://bugreport.java.com/bugreport/crash.jsp
#

---------------  T H R E A D  ---------------

Current thread (0x0000000019f4b800):  JavaThread "Daemon worker Thread 21" [_thread_in_Java, id=4120, stack(0x0000000057e00000,0x0000000057f00000)]

siginfo: ExceptionCode=0xc0000005, reading address 0x0000000755ff0dc0

Registers:
RAX=0x0000000100570d20, RBX=0x00000000cab4ffdd, RCX=0x00000000f1391ec0, RDX=0x0000000050000001
RSP=0x0000000057efc138, RBP=0x0000000057efc188, RSI=0x00000000e0cb8c18, RDI=0x00000000f1391ab8
R8 =0x00000000f1391ab8, R9 =0x00000000a0ce8908, R10=0x0000000067e9c0d0, R11=0x00000000039fec00
R12=0x0000000000000000, R13=0x0000000022a93049, R14=0x0000000000000000, R15=0x0000000019f4b800
RIP=0x0000000002883e4d, EFLAGS=0x0000000000010246

Top of Stack: (sp=0x0000000057efc138)
0x0000000057efc138:   0000000002867e70 00000000f1391ec0
0x0000000057efc148:   0000000057efc148 0000000022a93049
0x0000000057efc158:   0000000057efc1b8 0000000022a94048
0x0000000057efc168:   0000000000000000 0000000022a93088
0x0000000057efc178:   0000000000000000 0000000057efc1b0
0x0000000057efc188:   0000000057efc200 00000000028680e0
0x0000000057efc198:   0000000000000000 0000000000000000
0x0000000057efc1a8:   0000000000000000 00000000a0eb7c60
0x0000000057efc1b8:   00000000f1391ec0 0000000057efc1c0
0x0000000057efc1c8:   0000000022a91ed1 0000000057efc218
0x0000000057efc1d8:   0000000022a945f0 0000000000000000
0x0000000057efc1e8:   0000000022a91ee0 0000000057efc1b0
0x0000000057efc1f8:   0000000057efc210 0000000057efc260
0x0000000057efc208:   00000000028681b4 00000000a0eb7c60
0x0000000057efc218:   00000000f1391ec0 0000000057efc220
0x0000000057efc228:   0000000022a788dc 0000000057efc280 

Instructions: (pc=0x0000000002883e4d)
0x0000000002883e2d:   01 49 83 5e 28 00 e9 0d 00 00 00 49 89 46 10 ba
0x0000000002883e3d:   01 00 00 00 49 89 56 18 49 83 c6 30 4c 89 75 e0
0x0000000002883e4d:   48 8b 9c d8 b8 01 00 00 48 8b 55 e0 48 85 d2 0f
0x0000000002883e5d:   84 2f 01 00 00 80 7a d0 0b 0f 85 25 01 00 00 48 


Register to memory mapping:

RAX=0x0000000100570d20 is pointing into metadata
RBX=0x00000000cab4ffdd is an unallocated location in the heap
RCX=0x00000000f1391ec0 is an oop
java.util.stream.Nodes$SpinedNodeBuilder 
 - klass: 'java/util/stream/Nodes$SpinedNodeBuilder'
RDX=0x0000000050000001 is an unknown value
RSP=0x0000000057efc138 is pointing into the stack for thread: 0x0000000019f4b800
RBP=0x0000000057efc188 is pointing into the stack for thread: 0x0000000019f4b800
RSI=0x00000000e0cb8c18 is an oop
sun.nio.fs.NativeBuffer 
 - klass: 'sun/nio/fs/NativeBuffer'
RDI=0x00000000f1391ab8 is an oop
java.lang.Object 
 - klass: 'java/lang/Object'
R8 =0x00000000f1391ab8 is an oop
java.lang.Object 
 - klass: 'java/lang/Object'
R9 =0x00000000a0ce8908 is an oop
java.lang.Class 
 - klass: 'java/lang/Class'
R10=0x0000000067e9c0d0 is an unknown value
R11=0x00000000039fec00 is at entry_point+32 in (nmethod*)0x00000000039fea90
R12=0x0000000000000000 is an unknown value
R13=0x0000000022a93049 is pointing into metadata
R14=0x0000000000000000 is an unknown value
R15=0x0000000019f4b800 is a thread


Stack: [0x0000000057e00000,0x0000000057f00000],  sp=0x0000000057efc138,  free space=1008k
Native frames: (J=compiled Java code, j=interpreted, Vv=VM code, C=native code)
C  0x0000000002883e4d


---------------  P R O C E S S  ---------------

Java Threads: ( => current thread )
  0x000000001a62e000 JavaThread "Stdin handler" [_thread_blocked, id=4032, stack(0x000000005e200000,0x000000005e300000)]
  0x000000001a62d000 JavaThread "Asynchronous log dispatcher for DefaultDaemonConnection: socket connection from /127.0.0.1:59744 to /127.0.0.1:51311" [_thread_blocked, id=9516, stack(0x000000005e100000,0x000000005e200000)]
  0x000000001a62f800 JavaThread "Cancel handler" [_thread_blocked, id=1840, stack(0x000000005e000000,0x000000005e100000)]
  0x000000001a62a000 JavaThread "Handler for socket connection from /127.0.0.1:59744 to /127.0.0.1:51311" [_thread_in_native, id=6088, stack(0x000000005df00000,0x000000005e000000)]
=>0x0000000019f4b800 JavaThread "Daemon worker Thread 21" [_thread_in_Java, id=4120, stack(0x0000000057e00000,0x0000000057f00000)]
  0x0000000019f44800 JavaThread "Daemon Thread 21" [_thread_blocked, id=6508, stack(0x0000000057b00000,0x0000000057c00000)]
  0x0000000019f49000 JavaThread "pool-6-thread-4" [_thread_blocked, id=7020, stack(0x000000002b800000,0x000000002b900000)]
  0x0000000019f3f800 JavaThread "pool-6-thread-2" [_thread_blocked, id=156, stack(0x0000000027600000,0x0000000027700000)]
  0x0000000019f46000 JavaThread "pool-6-thread-3" [_thread_blocked, id=5692, stack(0x0000000027500000,0x0000000027600000)]
  0x0000000019f45800 JavaThread "pool-6-thread-1" [_thread_blocked, id=1128, stack(0x0000000027400000,0x0000000027500000)]
  0x000000001a630000 JavaThread "File lock request listener" [_thread_in_native, id=9960, stack(0x000000001d100000,0x000000001d200000)]
  0x000000001a459000 JavaThread "Incoming local TCP Connector on port 59744" [_thread_in_native, id=8212, stack(0x000000001c220000,0x000000001c320000)]
  0x000000001aa8c800 JavaThread "pool-1-thread-1" [_thread_blocked, id=7376, stack(0x000000001bbb0000,0x000000001bcb0000)]
  0x00000000185a2800 JavaThread "Service Thread" daemon [_thread_blocked, id=5444, stack(0x0000000019100000,0x0000000019200000)]
  0x000000001859a000 JavaThread "C1 CompilerThread3" daemon [_thread_blocked, id=6832, stack(0x0000000019000000,0x0000000019100000)]
  0x000000001662c800 JavaThread "C2 CompilerThread2" daemon [_thread_blocked, id=5476, stack(0x0000000018f00000,0x0000000019000000)]
  0x0000000018540000 JavaThread "C2 CompilerThread1" daemon [_thread_blocked, id=7064, stack(0x0000000018e00000,0x0000000018f00000)]
  0x000000001853b800 JavaThread "C2 CompilerThread0" daemon [_thread_blocked, id=6620, stack(0x0000000018d00000,0x0000000018e00000)]
  0x000000001853a000 JavaThread "Attach Listener" daemon [_thread_blocked, id=9152, stack(0x0000000018c00000,0x0000000018d00000)]
  0x0000000018539000 JavaThread "Signal Dispatcher" daemon [_thread_blocked, id=6656, stack(0x0000000018b00000,0x0000000018c00000)]
  0x0000000018530800 JavaThread "Finalizer" daemon [_thread_blocked, id=5076, stack(0x0000000018910000,0x0000000018a10000)]
  0x0000000002856000 JavaThread "Reference Handler" daemon [_thread_blocked, id=8416, stack(0x0000000018410000,0x0000000018510000)]
  0x0000000002761000 JavaThread "main" [_thread_blocked, id=9388, stack(0x0000000002590000,0x0000000002690000)]

Other Threads:
  0x0000000016619000 VMThread [stack: 0x0000000018310000,0x0000000018410000] [id=6748]
  0x00000000185bd800 WatcherThread [stack: 0x0000000019200000,0x0000000019300000] [id=6420]

VM state:not at safepoint (normal execution)

VM Mutex/Monitor currently owned by a thread: None

Heap:
 PSYoungGen      total 405504K, used 359526K [0x00000000e0000000, 0x0000000100000000, 0x0000000100000000)
  eden space 302080K, 93% used [0x00000000e0000000,0x00000000f13e2430,0x00000000f2700000)
  from space 103424K, 74% used [0x00000000f9b00000,0x00000000fe637688,0x0000000100000000)
  to   space 111104K, 0% used [0x00000000f2700000,0x00000000f2700000,0x00000000f9380000)
 ParOldGen       total 262144K, used 160550K [0x00000000a0000000, 0x00000000b0000000, 0x00000000e0000000)
  object space 262144K, 61% used [0x00000000a0000000,0x00000000a9cc9bc8,0x00000000b0000000)
 Metaspace       used 76410K, capacity 82698K, committed 84952K, reserved 1124352K
  class space    used 9768K, capacity 10446K, committed 11008K, reserved 1048576K

Card table byte_map: [0x0000000011c20000,0x0000000011f30000] byte_map_base: 0x0000000011720000

Marking Bits: (ParMarkBitMap*) 0x0000000067eba6d0
 Begin Bits: [0x0000000012930000, 0x0000000014130000)
 End Bits:   [0x0000000014130000, 0x0000000015930000)

Polling page: 0x0000000000dd0000

CodeCache: size=245760Kb used=71264Kb max_used=71270Kb free=174495Kb
 bounds [0x0000000002860000, 0x0000000006e70000, 0x0000000011860000]
 total_blobs=19454 nmethods=18659 adapters=705
 compilation: enabled

Compilation events (10 events):
Event: 28420.435 Thread 0x000000001859a000 25392       3       java.math.BigDecimal::<init> (27 bytes)
Event: 28420.435 Thread 0x000000001859a000 nmethod 25392 0x0000000006e5e490 code [0x0000000006e5e600, 0x0000000006e5e830]
Event: 28420.436 Thread 0x000000001859a000 25393   !   3       org.gradle.api.internal.plugins.DefaultPluginManager::instantiatePlugin (44 bytes)
Event: 28420.437 Thread 0x000000001859a000 nmethod 25393 0x0000000006e58d50 code [0x0000000006e58fc0, 0x0000000006e59fc8]
Event: 28420.438 Thread 0x000000001859a000 25394       3       sun.reflect.MethodAccessorGenerator::generateConstructor (21 bytes)
Event: 28420.438 Thread 0x000000001859a000 nmethod 25394 0x0000000006e5df90 code [0x0000000006e5e100, 0x0000000006e5e3c8]
Event: 28420.440 Thread 0x0000000018540000 25395       4       org.gradle.api.internal.project.DefaultProject::getIdentityPath (55 bytes)
Event: 28420.442 Thread 0x0000000018540000 nmethod 25395 0x0000000006e5dad0 code [0x0000000006e5dc40, 0x0000000006e5ddc8]
Event: 28420.442 Thread 0x000000001859a000 25396       3       org.gradle.api.internal.artifacts.dsl.dependencies.DefaultDependencyHandler::doAdd (80 bytes)
Event: 28420.443 Thread 0x000000001859a000 nmethod 25396 0x0000000006e64510 code [0x0000000006e64740, 0x0000000006e65568]

GC Heap History (10 events):
Event: 19433.836 GC heap before
{Heap before GC invocations=52 (full 4):
 PSYoungGen      total 401408K, used 334730K [0x00000000e0000000, 0x00000000ffd80000, 0x0000000100000000)
  eden space 291328K, 100% used [0x00000000e0000000,0x00000000f1c80000,0x00000000f1c80000)
  from space 110080K, 39% used [0x00000000f1c80000,0x00000000f46e2930,0x00000000f8800000)
  to   space 104448K, 0% used [0x00000000f9780000,0x00000000f9780000,0x00000000ffd80000)
 ParOldGen       total 262144K, used 108082K [0x00000000a0000000, 0x00000000b0000000, 0x00000000e0000000)
  object space 262144K, 41% used [0x00000000a0000000,0x00000000a698cb40,0x00000000b0000000)
 Metaspace       used 75871K, capacity 81684K, committed 84440K, reserved 1122304K
  class space    used 9705K, capacity 10352K, committed 11008K, reserved 1048576K
Event: 19433.863 GC heap after
Heap after GC invocations=52 (full 4):
 PSYoungGen      total 399872K, used 46784K [0x00000000e0000000, 0x00000000fef80000, 0x0000000100000000)
  eden space 309760K, 0% used [0x00000000e0000000,0x00000000e0000000,0x00000000f2e80000)
  from space 90112K, 51% used [0x00000000f9780000,0x00000000fc530288,0x00000000fef80000)
  to   space 98816K, 0% used [0x00000000f2e80000,0x00000000f2e80000,0x00000000f8f00000)
 ParOldGen       total 262144K, used 108082K [0x00000000a0000000, 0x00000000b0000000, 0x00000000e0000000)
  object space 262144K, 41% used [0x00000000a0000000,0x00000000a698cb40,0x00000000b0000000)
 Metaspace       used 75871K, capacity 81684K, committed 84440K, reserved 1122304K
  class space    used 9705K, capacity 10352K, committed 11008K, reserved 1048576K
}
Event: 28391.825 GC heap before
{Heap before GC invocations=53 (full 4):
 PSYoungGen      total 399872K, used 356544K [0x00000000e0000000, 0x00000000fef80000, 0x0000000100000000)
  eden space 309760K, 100% used [0x00000000e0000000,0x00000000f2e80000,0x00000000f2e80000)
  from space 90112K, 51% used [0x00000000f9780000,0x00000000fc530288,0x00000000fef80000)
  to   space 98816K, 0% used [0x00000000f2e80000,0x00000000f2e80000,0x00000000f8f00000)
 ParOldGen       total 262144K, used 108082K [0x00000000a0000000, 0x00000000b0000000, 0x00000000e0000000)
  object space 262144K, 41% used [0x00000000a0000000,0x00000000a698cb40,0x00000000b0000000)
 Metaspace       used 76059K, capacity 82126K, committed 84696K, reserved 1122304K
  class space    used 9733K, capacity 10390K, committed 11008K, reserved 1048576K
Event: 28391.951 GC heap after
Heap after GC invocations=53 (full 4):
 PSYoungGen      total 408576K, used 42074K [0x00000000e0000000, 0x0000000100000000, 0x0000000100000000)
  eden space 309760K, 0% used [0x00000000e0000000,0x00000000e0000000,0x00000000f2e80000)
  from space 98816K, 42% used [0x00000000f2e80000,0x00000000f5796930,0x00000000f8f00000)
  to   space 94720K, 0% used [0x00000000fa380000,0x00000000fa380000,0x0000000100000000)
 ParOldGen       total 262144K, used 108090K [0x00000000a0000000, 0x00000000b0000000, 0x00000000e0000000)
  object space 262144K, 41% used [0x00000000a0000000,0x00000000a698eb40,0x00000000b0000000)
 Metaspace       used 76059K, capacity 82126K, committed 84696K, reserved 1122304K
  class space    used 9733K, capacity 10390K, committed 11008K, reserved 1048576K
}
Event: 28397.819 GC heap before
{Heap before GC invocations=54 (full 4):
 PSYoungGen      total 408576K, used 351600K [0x00000000e0000000, 0x0000000100000000, 0x0000000100000000)
  eden space 309760K, 99% used [0x00000000e0000000,0x00000000f2e456d0,0x00000000f2e80000)
  from space 98816K, 42% used [0x00000000f2e80000,0x00000000f5796930,0x00000000f8f00000)
  to   space 94720K, 0% used [0x00000000fa380000,0x00000000fa380000,0x0000000100000000)
 ParOldGen       total 262144K, used 108090K [0x00000000a0000000, 0x00000000b0000000, 0x00000000e0000000)
  object space 262144K, 41% used [0x00000000a0000000,0x00000000a698eb40,0x00000000b0000000)
 Metaspace       used 76132K, capacity 82260K, committed 84696K, reserved 1122304K
  class space    used 9734K, capacity 10391K, committed 11008K, reserved 1048576K
Event: 28397.853 GC heap after
Heap after GC invocations=54 (full 4):
 PSYoungGen      total 412160K, used 46960K [0x00000000e0000000, 0x00000000ff300000, 0x0000000100000000)
  eden space 330752K, 0% used [0x00000000e0000000,0x00000000e0000000,0x00000000f4300000)
  from space 81408K, 57% used [0x00000000fa380000,0x00000000fd15c2d8,0x00000000ff300000)
  to   space 90112K, 0% used [0x00000000f4300000,0x00000000f4300000,0x00000000f9b00000)
 ParOldGen       total 262144K, used 108098K [0x00000000a0000000, 0x00000000b0000000, 0x00000000e0000000)
  object space 262144K, 41% used [0x00000000a0000000,0x00000000a6990b40,0x00000000b0000000)
 Metaspace       used 76132K, capacity 82260K, committed 84696K, reserved 1122304K
  class space    used 9734K, capacity 10391K, committed 11008K, reserved 1048576K
}
Event: 28399.136 GC heap before
{Heap before GC invocations=55 (full 4):
 PSYoungGen      total 412160K, used 377712K [0x00000000e0000000, 0x00000000ff300000, 0x0000000100000000)
  eden space 330752K, 100% used [0x00000000e0000000,0x00000000f4300000,0x00000000f4300000)
  from space 81408K, 57% used [0x00000000fa380000,0x00000000fd15c2d8,0x00000000ff300000)
  to   space 90112K, 0% used [0x00000000f4300000,0x00000000f4300000,0x00000000f9b00000)
 ParOldGen       total 262144K, used 108098K [0x00000000a0000000, 0x00000000b0000000, 0x00000000e0000000)
  object space 262144K, 41% used [0x00000000a0000000,0x00000000a6990b40,0x00000000b0000000)
 Metaspace       used 76171K, capacity 82272K, committed 84696K, reserved 1122304K
  class space    used 9735K, capacity 10394K, committed 11008K, reserved 1048576K
Event: 28399.219 GC heap after
Heap after GC invocations=55 (full 4):
 PSYoungGen      total 420864K, used 90110K [0x00000000e0000000, 0x0000000100000000, 0x0000000100000000)
  eden space 330752K, 0% used [0x00000000e0000000,0x00000000e0000000,0x00000000f4300000)
  from space 90112K, 99% used [0x00000000f4300000,0x00000000f9affac0,0x00000000f9b00000)
  to   space 103424K, 0% used [0x00000000f9b00000,0x00000000f9b00000,0x0000000100000000)
 ParOldGen       total 262144K, used 124653K [0x00000000a0000000, 0x00000000b0000000, 0x00000000e0000000)
  object space 262144K, 47% used [0x00000000a0000000,0x00000000a79bb780,0x00000000b0000000)
 Metaspace       used 76171K, capacity 82272K, committed 84696K, reserved 1122304K
  class space    used 9735K, capacity 10394K, committed 11008K, reserved 1048576K
}
Event: 28399.591 GC heap before
{Heap before GC invocations=56 (full 4):
 PSYoungGen      total 420864K, used 420862K [0x00000000e0000000, 0x0000000100000000, 0x0000000100000000)
  eden space 330752K, 100% used [0x00000000e0000000,0x00000000f4300000,0x00000000f4300000)
  from space 90112K, 99% used [0x00000000f4300000,0x00000000f9affac0,0x00000000f9b00000)
  to   space 103424K, 0% used [0x00000000f9b00000,0x00000000f9b00000,0x0000000100000000)
 ParOldGen       total 262144K, used 124653K [0x00000000a0000000, 0x00000000b0000000, 0x00000000e0000000)
  object space 262144K, 47% used [0x00000000a0000000,0x00000000a79bb780,0x00000000b0000000)
 Metaspace       used 76177K, capacity 82272K, committed 84696K, reserved 1122304K
  class space    used 9735K, capacity 10394K, committed 11008K, reserved 1048576K
Event: 28399.675 GC heap after
Heap after GC invocations=56 (full 4):
 PSYoungGen      total 405504K, used 77021K [0x00000000e0000000, 0x0000000100000000, 0x0000000100000000)
  eden space 302080K, 0% used [0x00000000e0000000,0x00000000e0000000,0x00000000f2700000)
  from space 103424K, 74% used [0x00000000f9b00000,0x00000000fe637688,0x0000000100000000)
  to   space 111104K, 0% used [0x00000000f2700000,0x00000000f2700000,0x00000000f9380000)
 ParOldGen       total 262144K, used 160550K [0x00000000a0000000, 0x00000000b0000000, 0x00000000e0000000)
  object space 262144K, 61% used [0x00000000a0000000,0x00000000a9cc9bc8,0x00000000b0000000)
 Metaspace       used 76177K, capacity 82272K, committed 84696K, reserved 1122304K
  class space    used 9735K, capacity 10394K, committed 11008K, reserved 1048576K
}

Deoptimization events (10 events):
Event: 28396.873 Thread 0x0000000019f4b800 Uncommon trap: reason=bimorphic action=maybe_recompile pc=0x0000000005055a24 method=com.sun.tools.javac.jvm.Gen.appendStrings(Lcom/sun/tools/javac/tree/JCTree;)V @ 19
Event: 28396.874 Thread 0x0000000019f4b800 Uncommon trap: reason=class_check action=maybe_recompile pc=0x0000000006b76118 method=com.sun.tools.javac.jvm.Pool.makePoolValue(Ljava/lang/Object;)Ljava/lang/Object; @ 81
Event: 28398.199 Thread 0x0000000019f4b800 Uncommon trap: reason=unstable_if action=reinterpret pc=0x000000000672edc4 method=org.objectweb.asm.MethodWriter.visitVarInsn(II)V @ 134
Event: 28398.199 Thread 0x0000000019f4b800 Uncommon trap: reason=unstable_if action=reinterpret pc=0x0000000004cc215c method=org.objectweb.asm.Frame.a(IILorg/objectweb/asm/ClassWriter;Lorg/objectweb/asm/Item;)V @ 1226
Event: 28398.336 Thread 0x0000000019f4b800 Uncommon trap: reason=unloaded action=reinterpret pc=0x0000000006c4e614 method=org.objectweb.asm.ClassReader.readConst(I[C)Ljava/lang/Object; @ 140
Event: 28398.339 Thread 0x0000000019f4b800 Uncommon trap: reason=unstable_if action=reinterpret pc=0x0000000006c51c60 method=org.objectweb.asm.ClassWriter.a(Ljava/lang/Object;)Lorg/objectweb/asm/Item; @ 159
Event: 28398.339 Thread 0x0000000019f4b800 Uncommon trap: reason=unstable_if action=reinterpret pc=0x0000000006db53ec method=org.objectweb.asm.Type.getArgumentsAndReturnSizes(Ljava/lang/String;)I @ 130
Event: 28399.066 Thread 0x000000002015e000 Uncommon trap: reason=bimorphic action=maybe_recompile pc=0x000000000573aa00 method=com.android.dx.cf.code.RopperMachine.run(Lcom/android/dx/cf/code/Frame;II)V @ 988
Event: 28399.466 Thread 0x0000000019f46000 Uncommon trap: reason=array_check action=maybe_recompile pc=0x000000000555ae90 method=java.util.TimSort.reverseRange([Ljava/lang/Object;II)V @ 27
Event: 28400.180 Thread 0x0000000019f44800 Uncommon trap: reason=array_check action=maybe_recompile pc=0x000000000555ae90 method=java.util.TimSort.reverseRange([Ljava/lang/Object;II)V @ 27

Internal exceptions (10 events):
Event: 28420.193 Thread 0x000000001a62a000 Exception <a 'java/lang/NoSuchMethodError': <clinit>> (0x00000000eea6cb20) thrown at [C:\re\workspace\8-2-build-windows-amd64-cygwin\jdk8u112\7884\hotspot\src\share\vm\prims\jni.cpp, line 1613]
Event: 28420.194 Thread 0x000000001a62a000 Exception <a 'java/lang/NoSuchMethodError': <clinit>> (0x00000000eea88be8) thrown at [C:\re\workspace\8-2-build-windows-amd64-cygwin\jdk8u112\7884\hotspot\src\share\vm\prims\jni.cpp, line 1613]
Event: 28420.204 Thread 0x0000000019f4b800 Exception <a 'java/lang/NoSuchMethodError': <clinit>> (0x00000000ee7f96b0) thrown at [C:\re\workspace\8-2-build-windows-amd64-cygwin\jdk8u112\7884\hotspot\src\share\vm\prims\jni.cpp, line 1613]
Event: 28420.205 Thread 0x0000000019f4b800 Exception <a 'java/lang/NoSuchMethodError': <clinit>> (0x00000000ee801938) thrown at [C:\re\workspace\8-2-build-windows-amd64-cygwin\jdk8u112\7884\hotspot\src\share\vm\prims\jni.cpp, line 1613]
Event: 28420.268 Thread 0x0000000019f4b800 Exception <a 'java/lang/ClassNotFoundException': asLocalRepo810_didbwrkp39t2ouejhlfhqxwhmBeanInfo> (0x00000000eec045c8) thrown at [C:\re\workspace\8-2-build-windows-amd64-cygwin\jdk8u112\7884\hotspot\src\share\vm\classfile\systemDictionary.cpp, line 210]
Event: 28420.268 Thread 0x0000000019f4b800 Exception <a 'java/lang/ClassNotFoundException': asLocalRepo810_didbwrkp39t2ouejhlfhqxwhmCustomizer> (0x00000000eec0f580) thrown at [C:\re\workspace\8-2-build-windows-amd64-cygwin\jdk8u112\7884\hotspot\src\share\vm\classfile\systemDictionary.cpp, line 210
Event: 28420.445 Thread 0x0000000019f4b800 Exception <a 'sun/nio/fs/WindowsException'> (0x00000000f138d090) thrown at [C:\re\workspace\8-2-build-windows-amd64-cygwin\jdk8u112\7884\hotspot\src\share\vm\prims\jni.cpp, line 709]
Event: 28420.446 Thread 0x0000000019f4b800 Exception <a 'sun/nio/fs/WindowsException'> (0x00000000f138db78) thrown at [C:\re\workspace\8-2-build-windows-amd64-cygwin\jdk8u112\7884\hotspot\src\share\vm\prims\jni.cpp, line 709]
Event: 28420.446 Thread 0x0000000019f4b800 Exception <a 'sun/nio/fs/WindowsException'> (0x00000000f138f6a0) thrown at [C:\re\workspace\8-2-build-windows-amd64-cygwin\jdk8u112\7884\hotspot\src\share\vm\prims\jni.cpp, line 709]
Event: 28420.446 Thread 0x0000000019f4b800 Exception <a 'sun/nio/fs/WindowsException'> (0x00000000f13901c0) thrown at [C:\re\workspace\8-2-build-windows-amd64-cygwin\jdk8u112\7884\hotspot\src\share\vm\prims\jni.cpp, line 709]

Events (10 events):
Event: 28420.292 loading class groovy/runtime/metaclass/asLocalRepo810_didbwrkp39t2ouejhlfhqxwhm$_run_closure1$_closure3$_closure6MetaClass
Event: 28420.293 loading class groovy/runtime/metaclass/asLocalRepo810_didbwrkp39t2ouejhlfhqxwhm$_run_closure1$_closure3$_closure6MetaClass done
Event: 28420.295 loading class groovy/runtime/metaclass/build_33pow71lir2zwg7ct73fjwyehMetaClass
Event: 28420.295 loading class groovy/runtime/metaclass/build_33pow71lir2zwg7ct73fjwyehMetaClass done
Event: 28420.297 loading class groovy/runtime/metaclass/build_33pow71lir2zwg7ct73fjwyeh$_run_closure1MetaClass
Event: 28420.297 loading class groovy/runtime/metaclass/build_33pow71lir2zwg7ct73fjwyeh$_run_closure1MetaClass done
Event: 28420.299 loading class groovy/runtime/metaclass/build_33pow71lir2zwg7ct73fjwyeh$_run_closure1$_closure2MetaClass
Event: 28420.299 loading class groovy/runtime/metaclass/build_33pow71lir2zwg7ct73fjwyeh$_run_closure1$_closure2MetaClass done
Event: 28420.299 loading class groovy/runtime/metaclass/build_33pow71lir2zwg7ct73fjwyeh$_run_closure1$_closure3MetaClass
Event: 28420.299 loading class groovy/runtime/metaclass/build_33pow71lir2zwg7ct73fjwyeh$_run_closure1$_closure3MetaClass done


Dynamic libraries:
0x00007ff7a25f0000 - 0x00007ff7a2627000 	C:\Program Files\Java\jdk1.8.0_112\bin\java.exe
0x00007ffcf9ab0000 - 0x00007ffcf9c81000 	C:\Windows\SYSTEM32\ntdll.dll
0x00007ffcf8b70000 - 0x00007ffcf8c1c000 	C:\Windows\System32\KERNEL32.DLL
0x00007ffcf6900000 - 0x00007ffcf6b1d000 	C:\Windows\System32\KERNELBASE.dll
0x00007ffcf7040000 - 0x00007ffcf70e2000 	C:\Windows\System32\ADVAPI32.dll
0x00007ffcf95c0000 - 0x00007ffcf965e000 	C:\Windows\System32\msvcrt.dll
0x00007ffcf8a20000 - 0x00007ffcf8a79000 	C:\Windows\System32\sechost.dll
0x00007ffcf9490000 - 0x00007ffcf95b1000 	C:\Windows\System32\RPCRT4.dll
0x00007ffcf7100000 - 0x00007ffcf7265000 	C:\Windows\System32\USER32.dll
0x00007ffcf6f20000 - 0x00007ffcf6f3e000 	C:\Windows\System32\win32u.dll
0x00007ffcf8ce0000 - 0x00007ffcf8d14000 	C:\Windows\System32\GDI32.dll
0x00007ffcf6090000 - 0x00007ffcf6212000 	C:\Windows\System32\gdi32full.dll
0x00007ffceac00000 - 0x00007ffceae7a000 	C:\Windows\WinSxS\amd64_microsoft.windows.common-controls_6595b64144ccf1df_6.0.14393.953_none_42151e83c686086b\COMCTL32.dll
0x00007ffcf9670000 - 0x00007ffcf9938000 	C:\Windows\System32\combase.dll
0x00007ffcf6f40000 - 0x00007ffcf7035000 	C:\Windows\System32\ucrtbase.dll
0x00007ffcf6bd0000 - 0x00007ffcf6c3a000 	C:\Windows\System32\bcryptPrimitives.dll
0x00007ffcf9a80000 - 0x00007ffcf9aae000 	C:\Windows\System32\IMM32.DLL
0x0000000067f40000 - 0x0000000068012000 	C:\Program Files\Java\jdk1.8.0_112\jre\bin\msvcr100.dll
0x00000000676a0000 - 0x0000000067f3a000 	C:\Program Files\Java\jdk1.8.0_112\jre\bin\server\jvm.dll
0x00007ffcf8ae0000 - 0x00007ffcf8ae8000 	C:\Windows\System32\PSAPI.DLL
0x00007ffced470000 - 0x00007ffced479000 	C:\Windows\SYSTEM32\WSOCK32.dll
0x00007ffcf41c0000 - 0x00007ffcf41e3000 	C:\Windows\SYSTEM32\WINMM.dll
0x00007ffcf8f80000 - 0x00007ffcf8fea000 	C:\Windows\System32\WS2_32.dll
0x00007ffcefa50000 - 0x00007ffcefa5a000 	C:\Windows\SYSTEM32\VERSION.dll
0x00007ffcf4030000 - 0x00007ffcf405b000 	C:\Windows\SYSTEM32\WINMMBASE.dll
0x00007ffcf5fa0000 - 0x00007ffcf5fe2000 	C:\Windows\System32\cfgmgr32.dll
0x0000000067690000 - 0x000000006769f000 	C:\Program Files\Java\jdk1.8.0_112\jre\bin\verify.dll
0x0000000067660000 - 0x0000000067689000 	C:\Program Files\Java\jdk1.8.0_112\jre\bin\java.dll
0x0000000067640000 - 0x0000000067656000 	C:\Program Files\Java\jdk1.8.0_112\jre\bin\zip.dll
0x00007ffcf7510000 - 0x00007ffcf8a18000 	C:\Windows\System32\SHELL32.dll
0x00007ffcf6220000 - 0x00007ffcf68fa000 	C:\Windows\System32\windows.storage.dll
0x00007ffcf5f40000 - 0x00007ffcf5f8c000 	C:\Windows\System32\powrprof.dll
0x00007ffcf8b10000 - 0x00007ffcf8b62000 	C:\Windows\System32\shlwapi.dll
0x00007ffcf5f90000 - 0x00007ffcf5f9f000 	C:\Windows\System32\kernel.appcore.dll
0x00007ffcf6b20000 - 0x00007ffcf6bc9000 	C:\Windows\System32\shcore.dll
0x00007ffcf5f10000 - 0x00007ffcf5f24000 	C:\Windows\System32\profapi.dll
0x0000000067620000 - 0x000000006763a000 	C:\Program Files\Java\jdk1.8.0_112\jre\bin\net.dll
0x00007ffcf5840000 - 0x00007ffcf589c000 	C:\Windows\system32\mswsock.dll
0x0000000067600000 - 0x0000000067611000 	C:\Program Files\Java\jdk1.8.0_112\jre\bin\nio.dll
0x00007ffcde370000 - 0x00007ffcde38e000 	C:\Users\Marat\.gradle\native\23\windows-amd64\native-platform.dll
0x00007ffcf59e0000 - 0x00007ffcf59f7000 	C:\Windows\SYSTEM32\CRYPTSP.dll
0x00007ffcf5440000 - 0x00007ffcf5473000 	C:\Windows\system32\rsaenh.dll
0x00007ffcf5af0000 - 0x00007ffcf5b1b000 	C:\Windows\SYSTEM32\bcrypt.dll
0x00007ffcf56c0000 - 0x00007ffcf56df000 	C:\Windows\SYSTEM32\USERENV.dll
0x00007ffcf5a00000 - 0x00007ffcf5a0b000 	C:\Windows\SYSTEM32\CRYPTBASE.dll
0x00007ffcf55c0000 - 0x00007ffcf55f8000 	C:\Windows\SYSTEM32\IPHLPAPI.DLL
0x00007ffcf70f0000 - 0x00007ffcf70f8000 	C:\Windows\System32\NSI.dll
0x00007ffcf19e0000 - 0x00007ffcf19f6000 	C:\Windows\SYSTEM32\dhcpcsvc6.DLL
0x00007ffcf0610000 - 0x00007ffcf062a000 	C:\Windows\SYSTEM32\dhcpcsvc.DLL
0x00000000675f0000 - 0x00000000675fd000 	C:\Program Files\Java\jdk1.8.0_112\jre\bin\management.dll
0x00000000675c0000 - 0x00000000675e4000 	C:\Program Files\Java\jdk1.8.0_112\jre\bin\sunec.dll
0x00000000675b0000 - 0x00000000675bb000 	C:\Program Files\Java\jdk1.8.0_112\jre\bin\sunmscapi.dll
0x00007ffcf6c40000 - 0x00007ffcf6e09000 	C:\Windows\System32\CRYPT32.dll
0x00007ffcf5f30000 - 0x00007ffcf5f40000 	C:\Windows\System32\MSASN1.dll
0x00007ffce5ae0000 - 0x00007ffce5c72000 	C:\Windows\SYSTEM32\dbghelp.dll

VM Arguments:
jvm_args: -Xmx1536m -Dfile.encoding=windows-1251 -Duser.country=RU -Duser.language=ru -Duser.variant 
java_command: org.gradle.launcher.daemon.bootstrap.GradleDaemon 3.3
java_class_path (initial): C:\Users\Marat\.gradle\wrapper\dists\gradle-3.3-all\55gk2rcmfc6p2dg9u9ohc3hw9\gradle-3.3\lib\gradle-launcher-3.3.jar
Launcher Type: SUN_STANDARD

Environment Variables:
JAVA_HOME=C:\Program Files\Java\jdk1.8.0_112
PATH=C:\ProgramData\Oracle\Java\javapath;C:\Windows\system32;C:\Windows;C:\Windows\System32\Wbem;C:\Windows\System32\WindowsPowerShell\v1.0\;C:\Program Files (x86)\NVIDIA Corporation\PhysX\Common;C:\Program Files\Java\jdk1.8.0_112\bin;C:\Program Files (x86)\Skype\Phone\;C:\Program Files\Eclipse Libraries and Extensions\apache-maven-3.5.0\bin;C:\Users\Marat\AppData\Local\Microsoft\WindowsApps;
USERNAME=Marat
OS=Windows_NT
PROCESSOR_IDENTIFIER=Intel64 Family 6 Model 60 Stepping 3, GenuineIntel



---------------  S Y S T E M  ---------------

OS: Windows 10.0 , 64 bit Build 14393 (10.0.14393.1198)

CPU:total 8 (4 cores per cpu, 2 threads per core) family 6 model 60 stepping 3, cmov, cx8, fxsr, mmx, sse, sse2, sse3, ssse3, sse4.1, sse4.2, popcnt, avx, avx2, aes, clmul, erms, lzcnt, ht, tsc, tscinvbit, bmi1, bmi2

Memory: 4k page, physical 8275024k(2479424k free), swap 9585744k(2320284k free)

vm_info: Java HotSpot(TM) 64-Bit Server VM (25.112-b15) for windows-amd64 JRE (1.8.0_112-b15), built on Sep 22 2016 21:31:56 by "java_re" with MS VC++ 10.0 (VS2010)

time: Tue May 23 18:41:48 2017
elapsed time: 28420 seconds (0d 7h 53m 40s)

